<?xml version="1.0" encoding="UTF-8"?>
<!-- Generated by org.testng.reporters.JUnitXMLReporter -->
<testsuite ignored="30" hostname="DESKTOP-L844E9A" failures="0" tests="1" name="Default test" time="131.624" errors="0" timestamp="2023-01-24T10:02:46 IST">
  <testcase classname="Base.TestBase" name="@BeforeTest initialization" time="131.55">
    <failure type="org.openqa.selenium.WebDriverException" message="unknown error: net::ERR_CONNECTION_RESET
  (Session info: chrome=109.0.5414.75)
Build info: version: &amp;apos;4.1.1&amp;apos;, revision: &amp;apos;e8fcc2cecf&amp;apos;
System info: host: &amp;apos;DESKTOP-L844E9A&amp;apos;, ip: &amp;apos;192.168.1.143&amp;apos;, os.name: &amp;apos;Windows 10&amp;apos;, os.arch: &amp;apos;amd64&amp;apos;, os.version: &amp;apos;10.0&amp;apos;, java.version: &amp;apos;17.0.5&amp;apos;
Driver info: org.openqa.selenium.chrome.ChromeDriver
Command: [7f2c51a7843c2c2ba1d8fef8e96bb793, get {url=http://182.76.66.74/physiotheraphy/}]
Capabilities {acceptInsecureCerts: false, browserName: chrome, browserVersion: 109.0.5414.75, chrome: {chromedriverVersion: 109.0.5414.74 (e7c5703604da..., userDataDir: C:\Users\DSS-TE~1\AppData\L...}, goog:chromeOptions: {debuggerAddress: localhost:62519}, javascriptEnabled: true, networkConnectionEnabled: false, pageLoadStrategy: normal, platform: WINDOWS, platformName: WINDOWS, proxy: Proxy(), se:cdp: ws://localhost:62519/devtoo..., se:cdpVersion: 109.0.5414.75, setWindowRect: true, strictFileInteractability: false, timeouts: {implicit: 0, pageLoad: 300000, script: 30000}, unhandledPromptBehavior: dismiss and notify, webauthn:extension:credBlob: true, webauthn:extension:largeBlob: true, webauthn:virtualAuthenticators: true}
Session ID: 7f2c51a7843c2c2ba1d8fef8e96bb793">
      <![CDATA[org.openqa.selenium.WebDriverException: unknown error: net::ERR_CONNECTION_RESET
  (Session info: chrome=109.0.5414.75)
Build info: version: '4.1.1', revision: 'e8fcc2cecf'
System info: host: 'DESKTOP-L844E9A', ip: '192.168.1.143', os.name: 'Windows 10', os.arch: 'amd64', os.version: '10.0', java.version: '17.0.5'
Driver info: org.openqa.selenium.chrome.ChromeDriver
Command: [7f2c51a7843c2c2ba1d8fef8e96bb793, get {url=http://182.76.66.74/physiotheraphy/}]
Capabilities {acceptInsecureCerts: false, browserName: chrome, browserVersion: 109.0.5414.75, chrome: {chromedriverVersion: 109.0.5414.74 (e7c5703604da..., userDataDir: C:\Users\DSS-TE~1\AppData\L...}, goog:chromeOptions: {debuggerAddress: localhost:62519}, javascriptEnabled: true, networkConnectionEnabled: false, pageLoadStrategy: normal, platform: WINDOWS, platformName: WINDOWS, proxy: Proxy(), se:cdp: ws://localhost:62519/devtoo..., se:cdpVersion: 109.0.5414.75, setWindowRect: true, strictFileInteractability: false, timeouts: {implicit: 0, pageLoad: 300000, script: 30000}, unhandledPromptBehavior: dismiss and notify, webauthn:extension:credBlob: true, webauthn:extension:largeBlob: true, webauthn:virtualAuthenticators: true}
Session ID: 7f2c51a7843c2c2ba1d8fef8e96bb793
at java.base/jdk.internal.reflect.NativeConstructorAccessorImpl.newInstance0(Native Method)
at java.base/jdk.internal.reflect.NativeConstructorAccessorImpl.newInstance(NativeConstructorAccessorImpl.java:77)
at java.base/jdk.internal.reflect.DelegatingConstructorAccessorImpl.newInstance(DelegatingConstructorAccessorImpl.java:45)
at java.base/java.lang.reflect.Constructor.newInstanceWithCaller(Constructor.java:499)
at java.base/java.lang.reflect.Constructor.newInstance(Constructor.java:480)
at org.openqa.selenium.remote.codec.w3c.W3CHttpResponseCodec.createException(W3CHttpResponseCodec.java:200)
at org.openqa.selenium.remote.codec.w3c.W3CHttpResponseCodec.decode(W3CHttpResponseCodec.java:133)
at org.openqa.selenium.remote.codec.w3c.W3CHttpResponseCodec.decode(W3CHttpResponseCodec.java:53)
at org.openqa.selenium.remote.HttpCommandExecutor.execute(HttpCommandExecutor.java:184)
at org.openqa.selenium.remote.service.DriverCommandExecutor.invokeExecute(DriverCommandExecutor.java:167)
at org.openqa.selenium.remote.service.DriverCommandExecutor.execute(DriverCommandExecutor.java:142)
at org.openqa.selenium.remote.RemoteWebDriver.execute(RemoteWebDriver.java:543)
at org.openqa.selenium.remote.RemoteWebDriver.get(RemoteWebDriver.java:312)
at Base.TestBase.initialization(TestBase.java:121)
at java.base/jdk.internal.reflect.NativeMethodAccessorImpl.invoke0(Native Method)
at java.base/jdk.internal.reflect.NativeMethodAccessorImpl.invoke(NativeMethodAccessorImpl.java:77)
at java.base/jdk.internal.reflect.DelegatingMethodAccessorImpl.invoke(DelegatingMethodAccessorImpl.java:43)
at java.base/java.lang.reflect.Method.invoke(Method.java:568)
at org.testng.internal.MethodInvocationHelper.invokeMethod(MethodInvocationHelper.java:133)
at org.testng.internal.MethodInvocationHelper.invokeMethodConsideringTimeout(MethodInvocationHelper.java:62)
at org.testng.internal.ConfigInvoker.invokeConfigurationMethod(ConfigInvoker.java:385)
at org.testng.internal.ConfigInvoker.invokeConfigurations(ConfigInvoker.java:321)
at org.testng.TestRunner.invokeTestConfigurations(TestRunner.java:637)
at org.testng.TestRunner.beforeRun(TestRunner.java:627)
at org.testng.TestRunner.run(TestRunner.java:589)
at org.testng.SuiteRunner.runTest(SuiteRunner.java:377)
at org.testng.SuiteRunner.runSequentially(SuiteRunner.java:371)
at org.testng.SuiteRunner.privateRun(SuiteRunner.java:332)
at org.testng.SuiteRunner.run(SuiteRunner.java:276)
at org.testng.SuiteRunnerWorker.runSuite(SuiteRunnerWorker.java:53)
at org.testng.SuiteRunnerWorker.run(SuiteRunnerWorker.java:96)
at org.testng.TestNG.runSuitesSequentially(TestNG.java:1212)
at org.testng.TestNG.runSuitesLocally(TestNG.java:1134)
at org.testng.TestNG.runSuites(TestNG.java:1063)
at org.testng.TestNG.run(TestNG.java:1031)
at org.testng.remote.AbstractRemoteTestNG.run(AbstractRemoteTestNG.java:115)
at org.testng.remote.RemoteTestNG.initAndRun(RemoteTestNG.java:251)
at org.testng.remote.RemoteTestNG.main(RemoteTestNG.java:77)
]]>
    </failure>
  </testcase> <!-- @BeforeTest initialization -->
  <testcase classname="Testcase.Login_TC" name="@BeforeMethod setUp" time="-1.674534766474E9">
    <skipped/>
  </testcase> <!-- @BeforeMethod setUp -->
  <testcase classname="Base.TestBase" name="@AfterTest driver_method_close" time="-1.674534766489E9">
    <skipped/>
  </testcase> <!-- @AfterTest driver_method_close -->
  <testcase classname="Testcase.Login_TC" name="CreateGroupClassAppointments" time="0.0">
    <skipped/>
  </testcase> <!-- CreateGroupClassAppointments -->
  <testcase classname="Testcase.Login_TC" name="AddClinicianCheck" time="0.0">
    <ignored/>
  </testcase> <!-- AddClinicianCheck -->
  <testcase classname="Testcase.Login_TC" name="DisableClinicsCheck" time="0.0">
    <ignored/>
  </testcase> <!-- DisableClinicsCheck -->
  <testcase classname="Testcase.Login_TC" name="AddClinics" time="0.0">
    <ignored/>
  </testcase> <!-- AddClinics -->
  <testcase classname="Testcase.Login_TC" name="EditVideoLibrariesCheck" time="0.0">
    <ignored/>
  </testcase> <!-- EditVideoLibrariesCheck -->
  <testcase classname="Testcase.Login_TC" name="AddClinicianTest" time="0.0">
    <ignored/>
  </testcase> <!-- AddClinicianTest -->
  <testcase classname="Testcase.Login_TC" name="AddVideoLibraries" time="0.0">
    <ignored/>
  </testcase> <!-- AddVideoLibraries -->
  <testcase classname="Testcase.Login_TC" name="EnableDisableVideoCategoriesCheck" time="0.0">
    <ignored/>
  </testcase> <!-- EnableDisableVideoCategoriesCheck -->
  <testcase classname="Testcase.Login_TC" name="AddServicesTest" time="0.0">
    <ignored/>
  </testcase> <!-- AddServicesTest -->
  <testcase classname="Testcase.Login_TC" name="RevenueReport" time="0.0">
    <ignored/>
  </testcase> <!-- RevenueReport -->
  <testcase classname="Testcase.Login_TC" name="loginTest" time="0.0">
    <ignored/>
  </testcase> <!-- loginTest -->
  <testcase classname="Testcase.Login_TC" name="ViewAppointments" time="0.0">
    <ignored/>
  </testcase> <!-- ViewAppointments -->
  <testcase classname="Testcase.Login_TC" name="EditAppointments" time="0.0">
    <ignored/>
  </testcase> <!-- EditAppointments -->
  <testcase classname="Testcase.Login_TC" name="EditVideoCategories" time="0.0">
    <ignored/>
  </testcase> <!-- EditVideoCategories -->
  <testcase classname="Testcase.Login_TC" name="RescheduleAppointments" time="0.0">
    <ignored/>
  </testcase> <!-- RescheduleAppointments -->
  <testcase classname="Testcase.Login_TC" name="ClinicianLoginTest" time="0.0">
    <ignored/>
  </testcase> <!-- ClinicianLoginTest -->
  <testcase classname="Testcase.Login_TC" name="DisableClinicsTest" time="0.0">
    <ignored/>
  </testcase> <!-- DisableClinicsTest -->
  <testcase classname="Testcase.Login_TC" name="EditServicesTest" time="0.0">
    <ignored/>
  </testcase> <!-- EditServicesTest -->
  <testcase classname="Testcase.Login_TC" name="EnableDisableServicesTest" time="0.0">
    <ignored/>
  </testcase> <!-- EnableDisableServicesTest -->
  <testcase classname="Testcase.Login_TC" name="UserReport_ListAllClients" time="0.0">
    <ignored/>
  </testcase> <!-- UserReport_ListAllClients -->
  <testcase classname="Testcase.Login_TC" name="EditClinicsTest" time="0.0">
    <ignored/>
  </testcase> <!-- EditClinicsTest -->
  <testcase classname="Testcase.Login_TC" name="EnableDisableServicesCheck" time="0.0">
    <ignored/>
  </testcase> <!-- EnableDisableServicesCheck -->
  <testcase classname="Testcase.Login_TC" name="EnableDisableVideoCategoriesTest" time="0.0">
    <ignored/>
  </testcase> <!-- EnableDisableVideoCategoriesTest -->
  <testcase classname="Testcase.Login_TC" name="EditClinicianTest" time="0.0">
    <ignored/>
  </testcase> <!-- EditClinicianTest -->
  <testcase classname="Testcase.Login_TC" name="AddVideoCategories" time="0.0">
    <ignored/>
  </testcase> <!-- AddVideoCategories -->
  <testcase classname="Testcase.Login_TC" name="CreateAppointments" time="0.0">
    <ignored/>
  </testcase> <!-- CreateAppointments -->
  <testcase classname="Testcase.Login_TC" name="ClinicianReport" time="0.0">
    <ignored/>
  </testcase> <!-- ClinicianReport -->
  <testcase classname="Testcase.Login_TC" name="RoomsCheck" time="0.0">
    <ignored/>
  </testcase> <!-- RoomsCheck -->
  <testcase classname="Testcase.Login_TC" name="UserReport_OneSpecificClients" time="0.0">
    <ignored/>
  </testcase> <!-- UserReport_OneSpecificClients -->
  <testcase classname="Testcase.Login_TC" name="DisableClinicianTest" time="0.0">
    <ignored/>
  </testcase> <!-- DisableClinicianTest -->
  <testcase classname="Testcase.Login_TC" name="EditVideoLibraries" time="0.0">
    <ignored/>
  </testcase> <!-- EditVideoLibraries -->
</testsuite> <!-- Default test -->
